<?xml version="1.0" encoding="UTF-8"?>
<!-- Generated by org.testng.reporters.JUnitXMLReporter -->
<testsuite ignored="0" hostname="satyam-PC" failures="0" tests="3" name="Test" time="33.263" errors="0" timestamp="2021-02-09T03:01:43 IST">
  <testcase classname="com.testCase.InsuranceApplication.EndToEndTest" name="motorCycle" time="7.415"/>
  <testcase classname="com.testCase.InsuranceApplication.ErrorMessage" name="EmptyCylinderErrormssg" time="1.598"/>
  <testcase classname="com.testCase.InsuranceApplication.ErrorMessage" name="ErrorMssg_MotorCycle_link" time="4.284"/>
</testsuite> <!-- Test -->
