<?xml version="1.0" encoding="UTF-8"?>
<!-- Generated by org.testng.reporters.JUnitXMLReporter -->
<testsuite ignored="0" hostname="satyam-PC" failures="0" tests="2" name="Default test" time="16.271" errors="0" timestamp="2021-02-09T03:02:22 IST">
  <testcase classname="com.testCase.InsuranceApplication.ErrorMessage" name="EmptyCylinderErrormssg" time="2.174"/>
  <testcase classname="com.testCase.InsuranceApplication.ErrorMessage" name="ErrorMssg_MotorCycle_link" time="4.349"/>
</testsuite> <!-- Default test -->
